<?xml version="1.0" encoding="UTF-8"?>
<testsuite name="com.demowebshop.tests.HomePageTests" tests="1" skipped="0" failures="0" errors="0" timestamp="2024-04-17T21:30:00" hostname="LENOVO-PC" time="0.038">
  <properties/>
  <testcase name="isDemoWebShopPresentTest" classname="com.demowebshop.tests.HomePageTests" time="0.038"/>
  <system-out><![CDATA[23:29:49.562 [Test worker] INFO  com.demowebshop.tests.TestBase -- Start test isDemoWebShopPresentTest with data: []
23:30:00.195 [Test worker] INFO  com.demowebshop.tests.TestBase -- PASSED isDemoWebShopPresentTest
23:30:00.196 [Test worker] INFO  com.demowebshop.tests.TestBase -- Stop test
23:30:00.196 [Test worker] INFO  com.demowebshop.tests.TestBase -- =============================================
]]></system-out>
  <system-err><![CDATA[]]></system-err>
</testsuite>
